<?xml version="1.0" encoding="UTF-8"?>
<testsuite xmlns:xsi="http://www.w3.org/2001/XMLSchema-instance" xsi:noNamespaceSchemaLocation="https://maven.apache.org/surefire/maven-surefire-plugin/xsd/surefire-test-report.xsd" version="3.0.2" name="pe.edu.vallegrande.ms_water_quality.TestingPointServiceImplTest" time="5.691" tests="5" errors="0" skipped="0" failures="0">
  <properties>
[...]
</properties>
  <testcase name="testDeleteExisting" classname="pe.edu.vallegrande.ms_water_quality.TestingPointServiceImplTest" time="5.158">
    <system-out><![CDATA[ESCENARIO 05: DELETE = Eliminación exitosa
]]></system-out>
  </testcase>
  <testcase name="testGetByIdFound" classname="pe.edu.vallegrande.ms_water_quality.TestingPointServiceImplTest" time="0.037">
    <system-out><![CDATA[ESCENARIO 03: GET by ID = Consulta exitosa
]]></system-out>
  </testcase>
  <testcase name="testGetAll" classname="pe.edu.vallegrande.ms_water_quality.TestingPointServiceImplTest" time="0.089">
    <system-out><![CDATA[15:10:30.044 [main] INFO pe.edu.vallegrande.ms_water_quality.application.services.impl.TestingPointServiceImpl -- Testing Point retrieved: TestingPoint(id=123, organizationId=ORG1, pointCode=PM001, pointName=Reservorio Central, pointType=null, zoneId=null, locationDescription=null, coordinates=null, status=ACTIVE, createdAt=2025-08-28T15:10:29.966388300, updatedAt=null)
ESCENARIO 02: GET = Consulta exitosa
]]></system-out>
  </testcase>
  <testcase name="testUpdateExisting" classname="pe.edu.vallegrande.ms_water_quality.TestingPointServiceImplTest" time="0.133">
    <system-out><![CDATA[15:10:30.179 [main] INFO pe.edu.vallegrande.ms_water_quality.application.services.impl.TestingPointServiceImpl -- Updated Testing Point with new code: PM002
ESCENARIO 04: PUT = Actualización exitosa
]]></system-out>
  </testcase>
  <testcase name="testSaveValidRequest" classname="pe.edu.vallegrande.ms_water_quality.TestingPointServiceImplTest" time="0.115">
    <system-out><![CDATA[15:10:30.211 [main] INFO pe.edu.vallegrande.ms_water_quality.application.services.impl.TestingPointServiceImpl -- Generated next point code: PM001
15:10:30.211 [main] INFO pe.edu.vallegrande.ms_water_quality.application.services.impl.TestingPointServiceImpl -- Testing Point saved: TestingPoint(id=123, organizationId=ORG1, pointCode=PM001, pointName=Reservorio Central, pointType=null, zoneId=null, locationDescription=null, coordinates=null, status=ACTIVE, createdAt=2025-08-28T15:10:30.195538300, updatedAt=null)
ESCENARIO 01: POST = Creación exitosa
]]></system-out>
  </testcase>
</testsuite>