<?xml version="1.0" encoding="UTF-8"?>
<testsuite xmlns:xsi="http://www.w3.org/2001/XMLSchema-instance" xsi:noNamespaceSchemaLocation="https://maven.apache.org/surefire/maven-surefire-plugin/xsd/surefire-test-report.xsd" version="3.0.2" name="pe.edu.vallegrande.ms_water_quality.VgMsWaterQualityTests" time="17.077" tests="1" errors="0" skipped="0" failures="0">
  <properties>
[...]
</properties>
  <testcase name="contextLoads" classname="pe.edu.vallegrande.ms_water_quality.VgMsWaterQualityTests" time="0.198">
    <system-out><![CDATA[12:09:34.918 [main] INFO org.springframework.test.context.support.AnnotationConfigContextLoaderUtils -- Could not detect default configuration classes for test class [pe.edu.vallegrande.ms_water_quality.VgMsWaterQualityTests]: VgMsWaterQualityTests does not declare any static, non-private, non-final, nested classes annotated with @Configuration.
12:09:36.024 [main] INFO org.springframework.boot.test.context.SpringBootTestContextBootstrapper -- Found @SpringBootConfiguration pe.edu.vallegrande.ms_water_quality.VgMsWaterQuality for test class pe.edu.vallegrande.ms_water_quality.VgMsWaterQualityTests

  .   ____          _            __ _ _
 /\\ / ___'_ __ _ _(_)_ __  __ _ \ \ \ \
( ( )\___ | '_ | '_| | '_ \/ _` | \ \ \ \
 \\/  ___)| |_)| | | | | || (_| |  ) ) ) )
  '  |____| .__|_| |_|_| |_\__, | / / / /
 =========|_|==============|___/=/_/_/_/

 :: Spring Boot ::                (v3.4.5)

2025-08-23T12:09:38.031-05:00  INFO 7656 --- [structure-microservice] [           main] p.e.v.m.VgMsWaterQualityTests            : Starting VgMsWaterQualityTests using Java 17.0.13 with PID 7656 (started by maria in C:\Users\maria\Music\vg-ms-water-quality)
2025-08-23T12:09:38.039-05:00  INFO 7656 --- [structure-microservice] [           main] p.e.v.m.VgMsWaterQualityTests            : No active profile set, falling back to 1 default profile: "default"
2025-08-23T12:09:42.013-05:00  INFO 7656 --- [structure-microservice] [           main] .s.d.r.c.RepositoryConfigurationDelegate : Bootstrapping Spring Data Reactive MongoDB repositories in DEFAULT mode.
2025-08-23T12:09:42.551-05:00  INFO 7656 --- [structure-microservice] [           main] .s.d.r.c.RepositoryConfigurationDelegate : Finished Spring Data repository scanning in 522 ms. Found 6 Reactive MongoDB repository interfaces.
2025-08-23T12:09:44.536-05:00  INFO 7656 --- [structure-microservice] [           main] org.mongodb.driver.client                : MongoClient with metadata {"driver": {"name": "mongo-java-driver|reactive-streams|spring-boot", "version": "5.2.1"}, "os": {"type": "Windows", "name": "Windows 11", "architecture": "amd64", "version": "10.0"}, "platform": "Java/Eclipse Adoptium/17.0.13+11"} created with settings MongoClientSettings{readPreference=primary, writeConcern=WriteConcern{w=majority, wTimeout=null ms, journal=null}, retryWrites=true, retryReads=true, readConcern=ReadConcern{level=null}, credential=MongoCredential{mechanism=null, userName='sistemajass', source='admin', password=<hidden>, mechanismProperties=<hidden>}, transportSettings=NettyTransportSettings{eventLoopGroup=io.netty.channel.nio.NioEventLoopGroup@f6cde7e, socketChannelClass=null, allocator=null, sslContext=null}, commandListeners=[io.micrometer.core.instrument.binder.mongodb.MongoMetricsCommandListener@ff8e36d], codecRegistry=ProvidersCodecRegistry{codecProviders=[ValueCodecProvider{}, BsonValueCodecProvider{}, DBRefCodecProvider{}, DBObjectCodecProvider{}, DocumentCodecProvider{}, CollectionCodecProvider{}, IterableCodecProvider{}, MapCodecProvider{}, GeoJsonCodecProvider{}, GridFSFileCodecProvider{}, Jsr310CodecProvider{}, JsonObjectCodecProvider{}, BsonCodecProvider{}, EnumCodecProvider{}, com.mongodb.client.model.mql.ExpressionCodecProvider@116b0b32, com.mongodb.Jep395RecordCodecProvider@4f22fd5d, com.mongodb.KotlinCodecProvider@26d445e9]}, loggerSettings=LoggerSettings{maxDocumentLength=1000}, clusterSettings={hosts=[127.0.0.1:27017], srvHost=sistemajass.jn6cpoz.mongodb.net, srvServiceName=mongodb, mode=MULTIPLE, requiredClusterType=REPLICA_SET, requiredReplicaSetName='atlas-3jx114-shard-0', serverSelector='null', clusterListeners='[]', serverSelectionTimeout='30000 ms', localThreshold='15 ms'}, socketSettings=SocketSettings{connectTimeoutMS=10000, readTimeoutMS=0, receiveBufferSize=0, proxySettings=ProxySettings{host=null, port=null, username=null, password=null}}, heartbeatSocketSettings=SocketSettings{connectTimeoutMS=10000, readTimeoutMS=10000, receiveBufferSize=0, proxySettings=ProxySettings{host=null, port=null, username=null, password=null}}, connectionPoolSettings=ConnectionPoolSettings{maxSize=100, minSize=0, maxWaitTimeMS=120000, maxConnectionLifeTimeMS=0, maxConnectionIdleTimeMS=0, maintenanceInitialDelayMS=0, maintenanceFrequencyMS=60000, connectionPoolListeners=[io.micrometer.core.instrument.binder.mongodb.MongoMetricsConnectionPoolListener@6e7f29d5], maxConnecting=2}, serverSettings=ServerSettings{heartbeatFrequencyMS=10000, minHeartbeatFrequencyMS=500, serverMonitoringMode=AUTO, serverListeners='[]', serverMonitorListeners='[]'}, sslSettings=SslSettings{enabled=true, invalidHostNameAllowed=false, context=null}, applicationName='null', compressorList=[], uuidRepresentation=JAVA_LEGACY, serverApi=null, autoEncryptionSettings=null, dnsClient=null, inetAddressResolver=null, contextProvider=null, timeoutMS=null}
2025-08-23T12:09:44.598-05:00  INFO 7656 --- [structure-microservice] [poz.mongodb.net] org.mongodb.driver.cluster               : Adding discovered server ac-dje3l4b-shard-00-02.jn6cpoz.mongodb.net:27017 to client view of cluster
2025-08-23T12:09:44.716-05:00  INFO 7656 --- [structure-microservice] [poz.mongodb.net] org.mongodb.driver.cluster               : Adding discovered server ac-dje3l4b-shard-00-00.jn6cpoz.mongodb.net:27017 to client view of cluster
2025-08-23T12:09:44.833-05:00  INFO 7656 --- [structure-microservice] [poz.mongodb.net] org.mongodb.driver.cluster               : Adding discovered server ac-dje3l4b-shard-00-01.jn6cpoz.mongodb.net:27017 to client view of cluster
2025-08-23T12:09:47.277-05:00  INFO 7656 --- [structure-microservice] [           main] f.a.AutowiredAnnotationBeanPostProcessor : Inconsistent constructor declaration on bean with name '_reactiveMethodSecurityConfiguration': single autowire-marked constructor flagged as optional - this constructor is effectively required since there is no default constructor to fall back to: org.springframework.security.config.annotation.method.configuration.ReactiveAuthorizationManagerMethodSecurityConfiguration(org.springframework.security.access.expression.method.MethodSecurityExpressionHandler,org.springframework.beans.factory.ObjectProvider,org.springframework.beans.factory.ObjectProvider)
2025-08-23T12:09:47.658-05:00  INFO 7656 --- [structure-microservice] [ngodb.net:27017] org.mongodb.driver.cluster               : Monitor thread successfully connected to server with description ServerDescription{address=ac-dje3l4b-shard-00-02.jn6cpoz.mongodb.net:27017, type=REPLICA_SET_PRIMARY, cryptd=false, state=CONNECTED, ok=true, minWireVersion=0, maxWireVersion=25, maxDocumentSize=16777216, logicalSessionTimeoutMinutes=30, roundTripTimeNanos=667150000, minRoundTripTimeNanos=0, setName='atlas-3jx114-shard-0', canonicalAddress=ac-dje3l4b-shard-00-02.jn6cpoz.mongodb.net:27017, hosts=[ac-dje3l4b-shard-00-00.jn6cpoz.mongodb.net:27017, ac-dje3l4b-shard-00-01.jn6cpoz.mongodb.net:27017, ac-dje3l4b-shard-00-02.jn6cpoz.mongodb.net:27017], passives=[], arbiters=[], primary='ac-dje3l4b-shard-00-02.jn6cpoz.mongodb.net:27017', tagSet=TagSet{[Tag{name='availabilityZone', value='sae1-az2'}, Tag{name='diskState', value='READY'}, Tag{name='nodeType', value='ELECTABLE'}, Tag{name='provider', value='AWS'}, Tag{name='region', value='SA_EAST_1'}, Tag{name='workloadType', value='OPERATIONAL'}]}, electionId=7fffffff0000000000000035, setVersion=16, topologyVersion=TopologyVersion{processId=68a8b5847ae45b4accc6a079, counter=9}, lastWriteDate=Sat Aug 23 12:09:47 PET 2025, lastUpdateTimeNanos=900469732600}
2025-08-23T12:09:47.720-05:00  INFO 7656 --- [structure-microservice] [ngodb.net:27017] org.mongodb.driver.cluster               : Monitor thread successfully connected to server with description ServerDescription{address=ac-dje3l4b-shard-00-00.jn6cpoz.mongodb.net:27017, type=REPLICA_SET_SECONDARY, cryptd=false, state=CONNECTED, ok=true, minWireVersion=0, maxWireVersion=25, maxDocumentSize=16777216, logicalSessionTimeoutMinutes=30, roundTripTimeNanos=689190000, minRoundTripTimeNanos=0, setName='atlas-3jx114-shard-0', canonicalAddress=ac-dje3l4b-shard-00-00.jn6cpoz.mongodb.net:27017, hosts=[ac-dje3l4b-shard-00-00.jn6cpoz.mongodb.net:27017, ac-dje3l4b-shard-00-01.jn6cpoz.mongodb.net:27017, ac-dje3l4b-shard-00-02.jn6cpoz.mongodb.net:27017], passives=[], arbiters=[], primary='ac-dje3l4b-shard-00-02.jn6cpoz.mongodb.net:27017', tagSet=TagSet{[Tag{name='availabilityZone', value='sae1-az1'}, Tag{name='diskState', value='READY'}, Tag{name='nodeType', value='ELECTABLE'}, Tag{name='provider', value='AWS'}, Tag{name='region', value='SA_EAST_1'}, Tag{name='workloadType', value='OPERATIONAL'}]}, electionId=null, setVersion=16, topologyVersion=TopologyVersion{processId=68a8b69703612b74dc24fb2e, counter=5}, lastWriteDate=Sat Aug 23 12:09:47 PET 2025, lastUpdateTimeNanos=900464538200}
2025-08-23T12:09:47.720-05:00  INFO 7656 --- [structure-microservice] [ngodb.net:27017] org.mongodb.driver.cluster               : Monitor thread successfully connected to server with description ServerDescription{address=ac-dje3l4b-shard-00-01.jn6cpoz.mongodb.net:27017, type=REPLICA_SET_SECONDARY, cryptd=false, state=CONNECTED, ok=true, minWireVersion=0, maxWireVersion=25, maxDocumentSize=16777216, logicalSessionTimeoutMinutes=30, roundTripTimeNanos=662682200, minRoundTripTimeNanos=0, setName='atlas-3jx114-shard-0', canonicalAddress=ac-dje3l4b-shard-00-01.jn6cpoz.mongodb.net:27017, hosts=[ac-dje3l4b-shard-00-00.jn6cpoz.mongodb.net:27017, ac-dje3l4b-shard-00-01.jn6cpoz.mongodb.net:27017, ac-dje3l4b-shard-00-02.jn6cpoz.mongodb.net:27017], passives=[], arbiters=[], primary='ac-dje3l4b-shard-00-02.jn6cpoz.mongodb.net:27017', tagSet=TagSet{[Tag{name='availabilityZone', value='sae1-az3'}, Tag{name='diskState', value='READY'}, Tag{name='nodeType', value='ELECTABLE'}, Tag{name='provider', value='AWS'}, Tag{name='region', value='SA_EAST_1'}, Tag{name='workloadType', value='OPERATIONAL'}]}, electionId=null, setVersion=16, topologyVersion=TopologyVersion{processId=68a8b7d547a1a64f62198659, counter=5}, lastWriteDate=Sat Aug 23 12:09:47 PET 2025, lastUpdateTimeNanos=900465178000}
2025-08-23T12:09:47.737-05:00  INFO 7656 --- [structure-microservice] [ngodb.net:27017] org.mongodb.driver.cluster               : Discovered replica set primary ac-dje3l4b-shard-00-02.jn6cpoz.mongodb.net:27017 with max election id 7fffffff0000000000000035 and max set version 16
2025-08-23T12:09:50.505-05:00  INFO 7656 --- [structure-microservice] [           main] o.s.b.a.e.web.EndpointLinksResolver      : Exposing 3 endpoints beneath base path '/actuator'
2025-08-23T12:09:51.414-05:00  INFO 7656 --- [structure-microservice] [           main] p.e.v.m.VgMsWaterQualityTests            : Started VgMsWaterQualityTests in 15.011 seconds (process running for 24.136)
]]></system-out>
  </testcase>
</testsuite>